[0m[[0m[0mdebug[0m] [0m[0mjavaOptions: Vector()[0m
[0m[[0m[0mdebug[0m] [0m[0mForking tests - parallelism = false[0m
[0m[[0m[0mdebug[0m] [0m[0mCreate a single-thread test executor[0m
[0m[[0m[0mdebug[0m] [0m[0mRunner for org.scalatest.tools.Framework produced 3 initial tasks for 3 tests.[0m
[0m[[0m[0mdebug[0m] [0m[0m  Running TaskDef(controllers.HomeControllerSpec, sbt.ForkMain$SubclassFingerscan@e52567a, false, [SuiteSelector])[0m
[0m[[0m[0minfo[0m] [0m[0m[32mHomeControllerSpec:[0m[0m
[0m[[0m[0minfo[0m] [0m[0m[32mHomeController GET[0m[0m
[0m[[0m[0minfo[0m] [0m[0m[32m- should render the index page from a new instance of controller[0m[0m
[0m[[0m[0minfo[0m] [0m[0m[32m- should render the index page from the application[0m[0m
[0m[[0m[0minfo[0m] [0m[0m[32m- should render the index page from the router[0m[0m
[0m[[0m[0mdebug[0m] [0m[0m    Produced 0 nested tasks and 3 events.[0m
[0m[[0m[0mdebug[0m] [0m[0m  Running TaskDef(controllers.ApplicationControllerSpec, sbt.ForkMain$SubclassFingerscan@7c9729e6, false, [SuiteSelector])[0m
[0m[[0m[0minfo[0m] [0m[0m[32mApplicationControllerSpec:[0m[0m
[0m[[0m[0minfo[0m] [0m[0m[32mApplicationController .index()[0m[0m
[0m[[0m[0minfo[0m] [0m[0m[32m- should return status OK[0m[0m
[0m[[0m[0minfo[0m] [0m[0m[32mApplicationController .create()[0m[0m
[0m[[0m[0minfo[0m] [0m[0m[32m- should create a book in the database[0m[0m
[0m[[0m[0minfo[0m] [0m[0m[32m- should return BadRequest if request body is of wrong format[0m[0m
[0m[[0m[0minfo[0m] [0m[0m[32mApplicationController .read(id: String)[0m[0m
[0m[[0m[0minfo[0m] [0m[0m[32m- should find a book in the database by id[0m[0m
[0m[[0m[0minfo[0m] [0m[0m[32m- should return a BadRequest if a book of the ID is not found[0m[0m
[0m[[0m[0minfo[0m] [0m[0m[32mApplicationController .update(id: String, newData: DataModel)[0m[0m
[0m[[0m[0minfo[0m] [0m[0m[31m- should find a book in the database by it's ID and replace it with the new book *** FAILED ***[0m[0m
[0m[[0m[0minfo[0m] [0m[0m[31m  400 was not equal to 202 (ApplicationControllerSpec.scala:89)[0m[0m
[0m[[0m[0minfo[0m] [0m[0m[32m- should return NotFound message if wrong ID[0m[0m
[0m[[0m[0minfo[0m] [0m[0m[32m- should return Bad_Request if incorrect Json body[0m[0m
[0m[[0m[0minfo[0m] [0m[0m[32mApplicationController .delete(id: String)[0m[0m
[0m[[0m[0minfo[0m] [0m[0m[32m- should find a book in the database by id and delete it[0m[0m
[0m[[0m[0minfo[0m] [0m[0m[32m- should return a Bad Request if the id does not exist[0m[0m
[0m[[0m[0mdebug[0m] [0m[0m    Produced 0 nested tasks and 10 events.[0m
[0m[[0m[0mdebug[0m] [0m[0m  Running TaskDef(services.LibraryServiceSpec, sbt.ForkMain$SubclassFingerscan@72e3c23f, false, [SuiteSelector])[0m
[0m[[0m[0minfo[0m] [0m[0m[32mLibraryServiceSpec:[0m[0m
[0m[[0m[0minfo[0m] [0m[0m[32mgetGoogleBook[0m[0m
[0m[[0m[0mdebug[0m] [0m[0mRunner for com.novocode.junit.JUnitFramework produced 0 initial tasks for 0 tests.[0m
[0m[[0m[0minfo[0m] [0m[0mScalaTest[0m
[0m[[0m[0minfo[0m] [0m[0m[36mRun completed in 8 seconds, 271 milliseconds.[0m[0m
[0m[[0m[0minfo[0m] [0m[0m[36mTotal number of tests run: 13[0m[0m
[0m[[0m[0minfo[0m] [0m[0m[36mSuites: completed 3, aborted 0[0m[0m
[0m[[0m[0minfo[0m] [0m[0m[36mTests: succeeded 12, failed 1, canceled 0, ignored 0, pending 0[0m[0m
[0m[[0m[0minfo[0m] [0m[0m[31m*** 1 TEST FAILED ***[0m[0m
[0m[[0m[0mdebug[0m] [0m[0mSummary for JUnit not available.[0m
[0m[[0m[31merror[0m] [0m[0mFailed: Total 13, Failed 1, Errors 0, Passed 12[0m
[0m[[0m[0mdebug[0m] [0m[0mPassed tests:[0m
[0m[[0m[0mdebug[0m] [0m[0m	controllers.HomeControllerSpec[0m
[0m[[0m[0mdebug[0m] [0m[0m	services.LibraryServiceSpec[0m
[0m[[0m[31merror[0m] [0m[0mFailed tests:[0m
[0m[[0m[31merror[0m] [0m[0m	controllers.ApplicationControllerSpec[0m
[0m[[0m[31merror[0m] [0m[0m(Test / [31mtest[0m) sbt.TestsFailedException: Tests unsuccessful[0m
